<?xml version="1.0" encoding="UTF-8"?>
<!-- Generated by org.testng.reporters.JUnitReportReporter -->
<testsuite skipped="0" hostname="LAPTOP-I4MC9DC6" name="testngReg.day6" tests="2" failures="0" timestamp="06 Jun 2018 15:57:02 GMT" time="0.006" errors="0">
  <testcase name="test2" time="0.003" classname="testngReg.day6"/>
  <testcase name="apple2" time="0.003" classname="testngReg.day6"/>
</testsuite> <!-- testngReg.day6 -->
