<?xml version="1.0" encoding="UTF-8"?>
<!-- Generated by org.testng.reporters.JUnitReportReporter -->
<testsuite skipped="0" hostname="LAPTOP-I4MC9DC6" name="testng.day2" tests="1" failures="0" timestamp="23 Jun 2018 07:58:16 GMT" time="0.013" errors="0">
  <testcase name="apple2" time="0.013" classname="testng.day2"/>
</testsuite> <!-- testng.day2 -->
