<?xml version="1.0" encoding="UTF-8"?>
<!-- Generated by org.testng.reporters.JUnitReportReporter -->
<testsuite skipped="0" hostname="LAPTOP-I4MC9DC6" name="testngReg.day8" tests="2" failures="0" timestamp="06 Jun 2018 16:17:40 GMT" time="0.020" errors="0">
  <testcase name="apple4" time="0.014" classname="testngReg.day8"/>
  <testcase name="test4" time="0.006" classname="testngReg.day8"/>
</testsuite> <!-- testngReg.day8 -->
