<?xml version="1.0" encoding="UTF-8"?>
<!-- Generated by org.testng.reporters.JUnitReportReporter -->
<testsuite skipped="0" hostname="LAPTOP-I4MC9DC6" name="testng.day3" tests="2" failures="0" timestamp="06 Jun 2018 16:02:17 GMT" time="0.009" errors="0">
  <testcase name="test2" time="0.004" classname="testng.day3"/>
  <testcase name="apple2" time="0.005" classname="testng.day3"/>
</testsuite> <!-- testng.day3 -->
