<?xml version="1.0" encoding="UTF-8"?>
<!-- Generated by org.testng.reporters.JUnitReportReporter -->
<testsuite skipped="1" hostname="LAPTOP-I4MC9DC6" name="testng.day1" tests="3" failures="0" timestamp="23 Jun 2018 07:55:10 GMT" time="0.009" errors="0">
  <testcase name="test1" time="0.007" classname="testng.day1"/>
  <testcase name="apple" time="0.002" classname="testng.day1"/>
  <testcase name="testme" classname="testng.day1">
    <skipped/>
  </testcase> <!-- testme -->
</testsuite> <!-- testng.day1 -->
