<?xml version="1.0" encoding="UTF-8"?>
<!-- Generated by org.testng.reporters.JUnitReportReporter -->
<testsuite skipped="0" hostname="LAPTOP-I4MC9DC6" name="dataprovider.DataProviderEx" tests="3" failures="0" timestamp="23 Jun 2018 14:43:37 GMT" time="0.022" errors="0">
  <testcase name="getData" time="0.015" classname="dataprovider.DataProviderEx"/>
  <testcase name="getData" time="0.002" classname="dataprovider.DataProviderEx"/>
  <testcase name="getData" time="0.005" classname="dataprovider.DataProviderEx"/>
</testsuite> <!-- dataprovider.DataProviderEx -->
