<?xml version="1.0" encoding="UTF-8"?>
<!-- Generated by org.testng.reporters.JUnitReportReporter -->
<testsuite skipped="0" hostname="LAPTOP-I4MC9DC6" name="testngReg.day7" tests="2" failures="0" timestamp="06 Jun 2018 15:57:02 GMT" time="0.004" errors="0">
  <testcase name="apple2" time="0.002" classname="testngReg.day7"/>
  <testcase name="test2" time="0.002" classname="testngReg.day7"/>
</testsuite> <!-- testngReg.day7 -->
