<?xml version="1.0" encoding="UTF-8"?>
<!-- Generated by org.testng.reporters.JUnitReportReporter -->
<testsuite skipped="0" hostname="LAPTOP-I4MC9DC6" name="testng.day4" tests="1" failures="0" timestamp="23 Jun 2018 07:58:16 GMT" time="0.002" errors="0">
  <testcase name="apple4" time="0.002" classname="testng.day4"/>
</testsuite> <!-- testng.day4 -->
