<?xml version="1.0" encoding="UTF-8"?>
<!-- Generated by org.testng.reporters.JUnitReportReporter -->
<testsuite skipped="0" hostname="LAPTOP-I4MC9DC6" name="testngReg.day5" tests="2" failures="0" timestamp="06 Jun 2018 15:57:02 GMT" time="0.015" errors="0">
  <testcase name="test1" time="0.003" classname="testngReg.day5"/>
  <testcase name="apple" time="0.012" classname="testngReg.day5"/>
</testsuite> <!-- testngReg.day5 -->
