<?xml version="1.0" encoding="UTF-8"?>
<!-- Generated by org.testng.reporters.JUnitReportReporter -->
<testsuite hostname="LAPTOP-I4MC9DC6" name="testngReg.day8" tests="2" failures="0" timestamp="23 Jun 2018 08:04:59 GMT" time="0.010" errors="0">
  <testcase name="test4" time="0.001" classname="testngReg.day8"/>
  <testcase name="apple4" time="0.009" classname="testngReg.day8"/>
</testsuite>
