<?xml version="1.0" encoding="UTF-8"?>
<!-- Generated by org.testng.reporters.JUnitReportReporter -->
<testsuite hostname="LAPTOP-I4MC9DC6" name="testngsmoke.day9" tests="5" failures="0" timestamp="23 Jun 2018 10:41:14 GMT" time="0.048" errors="0">
  <testcase name="test11" time="0.010" classname="testngsmoke.day9"/>
  <testcase name="test10" time="0.009" classname="testngsmoke.day9"/>
  <testcase name="test9" time="0.009" classname="testngsmoke.day9"/>
  <testcase name="test13" time="0.010" classname="testngsmoke.day9"/>
  <testcase name="test12" time="0.010" classname="testngsmoke.day9"/>
</testsuite>
